
SQL*Loader: Release 11.2.0.2.0 - Production on Mon Dec 16 11:31:24 2013

Copyright (c) 1982, 2009, Oracle and/or its affiliates.  All rights reserved.

Control File:   clue_dataload.ctl

There are 14 data files:
Data File:      CLUE_APPLICATIONS.csv
  File processing option string: "STR x'22454F4C2C220D0A'"
  Bad File:     CLUE_APPLICATIONS.bad
  Discard File:  none specified
 
 (Allow all discards)
Data File:      CLUE_DOMAINS.csv
  File processing option string: "STR x'22454F4C2C220D0A'"
  Bad File:     CLUE_DOMAINS.bad
  Discard File:  none specified
 
 (Allow all discards)
Data File:      CLUE_EXCEPTIONS.csv
  File processing option string: "STR x'22454F4C2C220D0A'"
  Bad File:     CLUE_EXCEPTIONS.bad
  Discard File:  none specified
 
 (Allow all discards)
Data File:      CLUE_PROGRAMS.csv
  File processing option string: "STR x'22454F4C2C220D0A'"
  Bad File:     CLUE_PROGRAMS.bad
  Discard File:  none specified
 
 (Allow all discards)
Data File:      CLUE_STORAGE.csv
  File processing option string: "STR x'22454F4C2C220D0A'"
  Bad File:     CLUE_STORAGE.bad
  Discard File:  none specified
 
 (Allow all discards)
Data File:      CLUE_DOMAIN_VALUES.csv
  File processing option string: "STR x'22454F4C2C220D0A'"
  Bad File:     CLUE_DOMAIN_VALUES.bad
  Discard File:  none specified
 
 (Allow all discards)
Data File:      CLUE_TAB_CLUS.csv
  File processing option string: "STR x'22454F4C2C220D0A'"
  Bad File:     CLUE_TAB_CLUS.bad
  Discard File:  none specified
 
 (Allow all discards)
Data File:      CLUE_TABLES.csv
  File processing option string: "STR x'22454F4C2C220D0A'"
  Bad File:     CLUE_TABLES.bad
  Discard File:  none specified
 
 (Allow all discards)
Data File:      CLUE_CHECK_CONS.csv
  File processing option string: "STR x'22454F4C2C220D0A'"
  Bad File:     CLUE_CHECK_CONS.bad
  Discard File:  none specified
 
 (Allow all discards)
Data File:      CLUE_SUB_TYPES.csv
  File processing option string: "STR x'22454F4C2C220D0A'"
  Bad File:     CLUE_SUB_TYPES.bad
  Discard File:  none specified
 
 (Allow all discards)
Data File:      CLUE_TAB_COLS.csv
  File processing option string: "STR x'22454F4C2C220D0A'"
  Bad File:     CLUE_TAB_COLS.bad
  Discard File:  none specified
 
 (Allow all discards)
Data File:      CLUE_DCP_VALUES.csv
  File processing option string: "STR x'22454F4C2C220D0A'"
  Bad File:     CLUE_DCP_VALUES.bad
  Discard File:  none specified
 
 (Allow all discards)
Data File:      CLUE_DOMAIN_ESTS.csv
  File processing option string: "STR x'22454F4C2C220D0A'"
  Bad File:     CLUE_DOMAIN_ESTS.bad
  Discard File:  none specified
 
 (Allow all discards)
Data File:      CLUE_TAB_INDS.csv
  File processing option string: "STR x'22454F4C2C220D0A'"
  Bad File:     CLUE_TAB_INDS.bad
  Discard File:  none specified
 
 (Allow all discards)

Number to load: ALL
Number to skip: 0
Errors allowed: 50
Bind array:     64 rows, maximum of 256000 bytes
Continuation:    none specified
Path used:      Conventional

Table APPLICATIONS_ACT, loaded when KEY = 0X224150504c49434154494f4e532d2d2d2d2d2d2d2d2d2d2d2d2d2d2d2d2d2d222c(character '"APPLICATIONS------------------",')
Insert option in effect for this table: APPEND

   Column Name                  Position   Len  Term Encl Datatype
------------------------------ ---------- ----- ---- ---- ---------------------
KEY                                  1:33    33   ,  O(") CHARACTER            
  (FILLER FIELD)
ABBR                                 NEXT     5   ,  O(") CHARACTER            
NAME                                 NEXT    30   ,  O(") CHARACTER            
EST_BLOCK_SIZE                       NEXT     2   ,  O(") CHARACTER            
VERSION                              NEXT    10   ,  O(") CHARACTER            
DB_SCHEMA                            NEXT    30   ,  O(") CHARACTER            
APEX_SCHEMA                          NEXT    30   ,  O(") CHARACTER            
APEX_WS_NAME                         NEXT    30   ,  O(") CHARACTER            
APEX_APP_NAME                        NEXT    30   ,  O(") CHARACTER            
DESCRIPTION                          NEXT  1000   ,  O(") CHARACTER            
TS_NULL_OVERRIDE                     NEXT     1   ,  O(") CHARACTER            
USR_DATATYPE                         NEXT    20   ,  O(") CHARACTER            
USR_FRGN_KEY                         NEXT   100   ,  O(") CHARACTER            
ADD_ERROR_FUNCTIONS                  NEXT     1   ,  O(") CHARACTER            
ERROR_CODE_OFFSET                    NEXT     *   ,  O(") CHARACTER            
COPYRIGHT                            NEXT  4000   ,  O(") CHARACTER            

Table DOMAINS_ACT, loaded when KEY = 0X22444f4d41494e532d2d2d2d2d2d2d2d2d2d2d2d2d2d2d2d2d2d2d2d2d2d2d222c(character '"DOMAINS-----------------------",')
Insert option in effect for this table: APPEND

   Column Name                  Position   Len  Term Encl Datatype
------------------------------ ---------- ----- ---- ---- ---------------------
KEY                                  1:33    33   ,  O(") CHARACTER            
  (FILLER FIELD)
APPLICATIONS_NK1                     NEXT     5   ,  O(") CHARACTER            
ABBR                                 NEXT     5   ,  O(") CHARACTER            
NAME                                 NEXT    20   ,  O(") CHARACTER            
FOLD                                 NEXT     1   ,  O(") CHARACTER            
DESCRIPTION                          NEXT  1000   ,  O(") CHARACTER            

Table EXCEPTIONS_ACT, loaded when KEY = 0X22455843455054494f4e532d2d2d2d2d2d2d2d2d2d2d2d2d2d2d2d2d2d2d2d222c(character '"EXCEPTIONS--------------------",')
Insert option in effect for this table: APPEND

   Column Name                  Position   Len  Term Encl Datatype
------------------------------ ---------- ----- ---- ---- ---------------------
KEY                                  1:33    33   ,  O(") CHARACTER            
  (FILLER FIELD)
APPLICATIONS_NK1                     NEXT     5   ,  O(") CHARACTER            
CODE                                 NEXT     *   ,  O(") CHARACTER            
NAME                                 NEXT    30   ,  O(") CHARACTER            
MESSAGE                              NEXT  2048   ,  O(") CHARACTER            
CAUSE                                NEXT  2048   ,  O(") CHARACTER            
ACTION                               NEXT  2048   ,  O(") CHARACTER            

Table PROGRAMS_ACT, loaded when KEY = 0X2250524f4752414d532d2d2d2d2d2d2d2d2d2d2d2d2d2d2d2d2d2d2d2d2d2d222c(character '"PROGRAMS----------------------",')
Insert option in effect for this table: APPEND

   Column Name                  Position   Len  Term Encl Datatype
------------------------------ ---------- ----- ---- ---- ---------------------
KEY                                  1:33    33   ,  O(") CHARACTER            
  (FILLER FIELD)
APPLICATIONS_NK1                     NEXT     5   ,  O(") CHARACTER            
NAME                                 NEXT    30   ,  O(") CHARACTER            
TYPE                                 NEXT     7   ,  O(") CHARACTER            
DESCRIPTION                          NEXT  1000   ,  O(") CHARACTER            
SPEC_TXT                             NEXT  4000   ,  O(") CHARACTER            

Table STORAGE_ACT, loaded when KEY = 0X2253544f524147452d2d2d2d2d2d2d2d2d2d2d2d2d2d2d2d2d2d2d2d2d2d2d222c(character '"STORAGE-----------------------",')
Insert option in effect for this table: APPEND

   Column Name                  Position   Len  Term Encl Datatype
------------------------------ ---------- ----- ---- ---- ---------------------
KEY                                  1:33    33   ,  O(") CHARACTER            
  (FILLER FIELD)
APPLICATIONS_NK1                     NEXT     5   ,  O(") CHARACTER            
NAME                                 NEXT    30   ,  O(") CHARACTER            
TS_ONLN_DATA                         NEXT    30   ,  O(") CHARACTER            
EST_TSOD_BSIZE                       NEXT     2   ,  O(") CHARACTER            
TS_ONLN_INDX                         NEXT    30   ,  O(") CHARACTER            
EST_TSOI_BSIZE                       NEXT     2   ,  O(") CHARACTER            
TS_ONLN_LOB                          NEXT    30   ,  O(") CHARACTER            
EST_TSOL_BSIZE                       NEXT     2   ,  O(") CHARACTER            
TS_HIST_DATA                         NEXT    30   ,  O(") CHARACTER            
EST_TSHD_BSIZE                       NEXT     2   ,  O(") CHARACTER            
TS_HIST_INDX                         NEXT    30   ,  O(") CHARACTER            
EST_TSHI_BSIZE                       NEXT     2   ,  O(") CHARACTER            
TS_HIST_LOB                          NEXT    30   ,  O(") CHARACTER            
EST_TSHL_BSIZE                       NEXT     2   ,  O(") CHARACTER            

Table DOMAIN_VALUES_ACT, loaded when KEY = 0X22444f4d41494e5f56414c5545532d2d2d2d2d2d2d2d2d2d2d2d2d2d2d2d2d222c(character '"DOMAIN_VALUES-----------------",')
Insert option in effect for this table: APPEND

   Column Name                  Position   Len  Term Encl Datatype
------------------------------ ---------- ----- ---- ---- ---------------------
KEY                                  1:33    33   ,  O(") CHARACTER            
  (FILLER FIELD)
DOMAINS_NK1                          NEXT     5   ,  O(") CHARACTER            
DOMAINS_NK2                          NEXT     5   ,  O(") CHARACTER            
VALUE                                NEXT   100   ,  O(") CHARACTER            
SEQ                                  NEXT     *   ,  O(") CHARACTER            
DESCRIPTION                          NEXT  1000   ,  O(") CHARACTER            

Table TAB_CLUS_ACT, loaded when KEY = 0X225441425f434c55532d2d2d2d2d2d2d2d2d2d2d2d2d2d2d2d2d2d2d2d2d2d222c(character '"TAB_CLUS----------------------",')
Insert option in effect for this table: APPEND

   Column Name                  Position   Len  Term Encl Datatype
------------------------------ ---------- ----- ---- ---- ---------------------
KEY                                  1:33    33   ,  O(") CHARACTER            
  (FILLER FIELD)
APPLICATIONS_NK1                     NEXT     5   ,  O(") CHARACTER            
NAME                                 NEXT    15   ,  O(") CHARACTER            
STORAGE_NK1                          NEXT     5   ,  O(") CHARACTER            
STORAGE_NK2                          NEXT    30   ,  O(") CHARACTER            
DESCRIPTION                          NEXT  1000   ,  O(") CHARACTER            

Table TABLES_ACT, loaded when KEY = 0X225441424c45532d2d2d2d2d2d2d2d2d2d2d2d2d2d2d2d2d2d2d2d2d2d2d2d222c(character '"TABLES------------------------",')
Insert option in effect for this table: APPEND

   Column Name                  Position   Len  Term Encl Datatype
------------------------------ ---------- ----- ---- ---- ---------------------
KEY                                  1:33    33   ,  O(") CHARACTER            
  (FILLER FIELD)
TABLES_SUB_TYPE                      NEXT    25   ,  O(") CHARACTER            
APPLICATIONS_NK1                     NEXT     5   ,  O(") CHARACTER            
ABBR                                 NEXT     5   ,  O(") CHARACTER            
NAME                                 NEXT    15   ,  O(") CHARACTER            
SEQ                                  NEXT     *   ,  O(") CHARACTER            
TYPE                                 NEXT     3   ,  O(") CHARACTER            
REQ_SUB_TYPES                        NEXT     1   ,  O(") CHARACTER            
GROUP_NAME                           NEXT    30   ,  O(") CHARACTER            
STORAGE_NK1                          NEXT     5   ,  O(") CHARACTER            
STORAGE_NK2                          NEXT    30   ,  O(") CHARACTER            
TAB_CLUS_NK1                         NEXT     5   ,  O(") CHARACTER            
TAB_CLUS_NK2                         NEXT    15   ,  O(") CHARACTER            
ACT_NUM_RECS                         NEXT     *   ,  O(") CHARACTER            
HOA_NUM_RECS                         NEXT     *   ,  O(") CHARACTER            
EST_ACT_ROWS                         NEXT     *   ,  O(") CHARACTER            
EST_HOA_ROWS                         NEXT     *   ,  O(") CHARACTER            
DESCRIPTION                          NEXT  1000   ,  O(") CHARACTER            

Table CHECK_CONS_ACT, loaded when KEY = 0X22434845434b5f434f4e532d2d2d2d2d2d2d2d2d2d2d2d2d2d2d2d2d2d2d2d222c(character '"CHECK_CONS--------------------",')
Insert option in effect for this table: APPEND

   Column Name                  Position   Len  Term Encl Datatype
------------------------------ ---------- ----- ---- ---- ---------------------
KEY                                  1:33    33   ,  O(") CHARACTER            
  (FILLER FIELD)
TABLES_NK1                           NEXT     5   ,  O(") CHARACTER            
TABLES_NK2                           NEXT     5   ,  O(") CHARACTER            
SEQ                                  NEXT     *   ,  O(") CHARACTER            
TEXT                                 NEXT  1000   ,  O(") CHARACTER            
DESCRIPTION                          NEXT  1000   ,  O(") CHARACTER            

Table SUB_TYPES_ACT, loaded when KEY = 0X225355425f54595045532d2d2d2d2d2d2d2d2d2d2d2d2d2d2d2d2d2d2d2d2d222c(character '"SUB_TYPES---------------------",')
Insert option in effect for this table: APPEND

   Column Name                  Position   Len  Term Encl Datatype
------------------------------ ---------- ----- ---- ---- ---------------------
KEY                                  1:33    33   ,  O(") CHARACTER            
  (FILLER FIELD)
TABLES_NK1                           NEXT     5   ,  O(") CHARACTER            
TABLES_NK2                           NEXT     5   ,  O(") CHARACTER            
NAME                                 NEXT    21   ,  O(") CHARACTER            
SORT_ORD                             NEXT     *   ,  O(") CHARACTER            
PAR_SUB_TYPES_NK1                    NEXT     5   ,  O(") CHARACTER            
PAR_SUB_TYPES_NK2                    NEXT     5   ,  O(") CHARACTER            
PAR_SUB_TYPES_NK3                    NEXT    21   ,  O(") CHARACTER            
GROUP_NAME                           NEXT    30   ,  O(") CHARACTER            
EST_ACT_PCT                          NEXT     *   ,  O(") CHARACTER            
EST_HOA_PCT                          NEXT     *   ,  O(") CHARACTER            
DESCRIPTION                          NEXT  1000   ,  O(") CHARACTER            

Table TAB_COLS_ACT, loaded when KEY = 0X225441425f434f4c532d2d2d2d2d2d2d2d2d2d2d2d2d2d2d2d2d2d2d2d2d2d222c(character '"TAB_COLS----------------------",')
Insert option in effect for this table: APPEND

   Column Name                  Position   Len  Term Encl Datatype
------------------------------ ---------- ----- ---- ---- ---------------------
KEY                                  1:33    33   ,  O(") CHARACTER            
  (FILLER FIELD)
TAB_COLS_SUB_TYPE                    NEXT    25   ,  O(") CHARACTER            
TABLES_NK1                           NEXT     5   ,  O(") CHARACTER            
TABLES_NK2                           NEXT     5   ,  O(") CHARACTER            
NAME                                 NEXT    25   ,  O(") CHARACTER            
SEQ                                  NEXT     *   ,  O(") CHARACTER            
NK                                   NEXT     *   ,  O(") CHARACTER            
REQ                                  NEXT     1   ,  O(") CHARACTER            
SUB_TYPES_NK1                        NEXT     5   ,  O(") CHARACTER            
SUB_TYPES_NK2                        NEXT     5   ,  O(") CHARACTER            
SUB_TYPES_NK3                        NEXT    21   ,  O(") CHARACTER            
FK_PREFIX                            NEXT     4   ,  O(") CHARACTER            
FK_TABLES_NK1                        NEXT     5   ,  O(") CHARACTER            
FK_TABLES_NK2                        NEXT     5   ,  O(") CHARACTER            
D_DOMAINS_NK1                        NEXT     5   ,  O(") CHARACTER            
D_DOMAINS_NK2                        NEXT     5   ,  O(") CHARACTER            
TYPE                                 NEXT    30   ,  O(") CHARACTER            
LEN                                  NEXT     *   ,  O(") CHARACTER            
SCALE                                NEXT     *   ,  O(") CHARACTER            
FOLD                                 NEXT     1   ,  O(") CHARACTER            
WSRED                                NEXT     1   ,  O(") CHARACTER            
DEFAULT_VALUE                        NEXT  1000   ,  O(") CHARACTER            
UPD_RES_PCT                          NEXT     *   ,  O(") CHARACTER            
EST_PCT                              NEXT     *   ,  O(") CHARACTER            
EST_DIST                             NEXT     1   ,  O(") CHARACTER            
EST_PARM1                            NEXT     *   ,  O(") CHARACTER            
EST_PARM2                            NEXT     *   ,  O(") CHARACTER            
DESCRIPTION                          NEXT  1000   ,  O(") CHARACTER            

Table DCP_VALUES_ACT, loaded when KEY = 0X224443505f56414c5545532d2d2d2d2d2d2d2d2d2d2d2d2d2d2d2d2d2d2d2d222c(character '"DCP_VALUES--------------------",')
Insert option in effect for this table: APPEND

   Column Name                  Position   Len  Term Encl Datatype
------------------------------ ---------- ----- ---- ---- ---------------------
KEY                                  1:33    33   ,  O(") CHARACTER            
  (FILLER FIELD)
TAB_COLS_NK1                         NEXT     5   ,  O(") CHARACTER            
TAB_COLS_NK2                         NEXT     5   ,  O(") CHARACTER            
TAB_COLS_NK3                         NEXT    25   ,  O(") CHARACTER            
DC_PARMS_NK1                         NEXT    30   ,  O(") CHARACTER            
DC_PARMS_NK2                         NEXT    30   ,  O(") CHARACTER            
VALUE                                NEXT  1000   ,  O(") CHARACTER            

Table DOMAIN_ESTS_ACT, loaded when KEY = 0X22444f4d41494e5f455354532d2d2d2d2d2d2d2d2d2d2d2d2d2d2d2d2d2d2d222c(character '"DOMAIN_ESTS-------------------",')
Insert option in effect for this table: APPEND

   Column Name                  Position   Len  Term Encl Datatype
------------------------------ ---------- ----- ---- ---- ---------------------
KEY                                  1:33    33   ,  O(") CHARACTER            
  (FILLER FIELD)
TAB_COLS_NK1                         NEXT     5   ,  O(") CHARACTER            
TAB_COLS_NK2                         NEXT     5   ,  O(") CHARACTER            
TAB_COLS_NK3                         NEXT    25   ,  O(") CHARACTER            
DOMAIN_VALUES_NK1                    NEXT     5   ,  O(") CHARACTER            
DOMAIN_VALUES_NK2                    NEXT     5   ,  O(") CHARACTER            
DOMAIN_VALUES_NK3                    NEXT   100   ,  O(") CHARACTER            
EST_PCT                              NEXT     *   ,  O(") CHARACTER            

Table TAB_INDS_ACT, loaded when KEY = 0X225441425f494e44532d2d2d2d2d2d2d2d2d2d2d2d2d2d2d2d2d2d2d2d2d2d222c(character '"TAB_INDS----------------------",')
Insert option in effect for this table: APPEND

   Column Name                  Position   Len  Term Encl Datatype
------------------------------ ---------- ----- ---- ---- ---------------------
KEY                                  1:33    33   ,  O(") CHARACTER            
  (FILLER FIELD)
TAB_COLS_NK1                         NEXT     5   ,  O(") CHARACTER            
TAB_COLS_NK2                         NEXT     5   ,  O(") CHARACTER            
TAB_COLS_NK3                         NEXT    25   ,  O(") CHARACTER            
TAG                                  NEXT     4   ,  O(") CHARACTER            
SEQ                                  NEXT     *   ,  O(") CHARACTER            

value used for ROWS parameter changed from 64 to 7

Data File CLUE_APPLICATIONS.csv -

Record 1: Discarded - failed all WHEN clauses.

Data File CLUE_DOMAINS.csv -

Record 3: Discarded - failed all WHEN clauses.

Data File CLUE_EXCEPTIONS.csv -

Record 7: Discarded - failed all WHEN clauses.

Data File CLUE_PROGRAMS.csv -

Record 8: Discarded - failed all WHEN clauses.

Data File CLUE_STORAGE.csv -

Record 10: Discarded - failed all WHEN clauses.

Data File CLUE_DOMAIN_VALUES.csv -

Record 11: Discarded - failed all WHEN clauses.

Data File CLUE_TAB_CLUS.csv -

Record 23: Discarded - failed all WHEN clauses.

Data File CLUE_TABLES.csv -

Record 25: Discarded - failed all WHEN clauses.

Data File CLUE_CHECK_CONS.csv -

Record 34: Discarded - failed all WHEN clauses.

Data File CLUE_SUB_TYPES.csv -

Record 40: Discarded - failed all WHEN clauses.

Data File CLUE_TAB_COLS.csv -

Record 44: Discarded - failed all WHEN clauses.

Data File CLUE_DCP_VALUES.csv -

Record 77: Discarded - failed all WHEN clauses.

Data File CLUE_DOMAIN_ESTS.csv -

Record 78: Discarded - failed all WHEN clauses.

Data File CLUE_TAB_INDS.csv -

Record 79: Discarded - failed all WHEN clauses.

Table APPLICATIONS_ACT:
  1 Row successfully loaded.
  0 Rows not loaded due to data errors.
  88 Rows not loaded because all WHEN clauses were failed.
  0 Rows not loaded because all fields were null.


Table DOMAINS_ACT:
  3 Rows successfully loaded.
  0 Rows not loaded due to data errors.
  86 Rows not loaded because all WHEN clauses were failed.
  0 Rows not loaded because all fields were null.


Table EXCEPTIONS_ACT:
  0 Rows successfully loaded.
  0 Rows not loaded due to data errors.
  89 Rows not loaded because all WHEN clauses were failed.
  0 Rows not loaded because all fields were null.


Table PROGRAMS_ACT:
  1 Row successfully loaded.
  0 Rows not loaded due to data errors.
  88 Rows not loaded because all WHEN clauses were failed.
  0 Rows not loaded because all fields were null.


Table STORAGE_ACT:
  0 Rows successfully loaded.
  0 Rows not loaded due to data errors.
  89 Rows not loaded because all WHEN clauses were failed.
  0 Rows not loaded because all fields were null.


Table DOMAIN_VALUES_ACT:
  11 Rows successfully loaded.
  0 Rows not loaded due to data errors.
  78 Rows not loaded because all WHEN clauses were failed.
  0 Rows not loaded because all fields were null.


Table TAB_CLUS_ACT:
  1 Row successfully loaded.
  0 Rows not loaded due to data errors.
  88 Rows not loaded because all WHEN clauses were failed.
  0 Rows not loaded because all fields were null.


Table TABLES_ACT:
  8 Rows successfully loaded.
  0 Rows not loaded due to data errors.
  81 Rows not loaded because all WHEN clauses were failed.
  0 Rows not loaded because all fields were null.


Table CHECK_CONS_ACT:
  5 Rows successfully loaded.
  0 Rows not loaded due to data errors.
  84 Rows not loaded because all WHEN clauses were failed.
  0 Rows not loaded because all fields were null.


Table SUB_TYPES_ACT:
  3 Rows successfully loaded.
  0 Rows not loaded due to data errors.
  86 Rows not loaded because all WHEN clauses were failed.
  0 Rows not loaded because all fields were null.


Table TAB_COLS_ACT:
  32 Rows successfully loaded.
  0 Rows not loaded due to data errors.
  57 Rows not loaded because all WHEN clauses were failed.
  0 Rows not loaded because all fields were null.


Table DCP_VALUES_ACT:
  0 Rows successfully loaded.
  0 Rows not loaded due to data errors.
  89 Rows not loaded because all WHEN clauses were failed.
  0 Rows not loaded because all fields were null.


Table DOMAIN_ESTS_ACT:
  0 Rows successfully loaded.
  0 Rows not loaded due to data errors.
  89 Rows not loaded because all WHEN clauses were failed.
  0 Rows not loaded because all fields were null.


Table TAB_INDS_ACT:
  10 Rows successfully loaded.
  0 Rows not loaded due to data errors.
  79 Rows not loaded because all WHEN clauses were failed.
  0 Rows not loaded because all fields were null.


Space allocated for bind array:                 238434 bytes(7 rows)
Read   buffer bytes: 1048576

Total logical records skipped:          0
Total logical records read:            89
Total logical records rejected:         0
Total logical records discarded:       14

Run began on Mon Dec 16 11:31:24 2013
Run ended on Mon Dec 16 11:31:28 2013

Elapsed time was:     00:00:03.84
CPU time was:         00:00:00.19
